Started GET "/" for ::1 at 2017-02-27 16:43:37 -0600
Processing by Rails::WelcomeController#index as HTML
  Parameters: {"internal"=>true}
  Rendering /Users/austinban/.rvm/gems/ruby-2.2.2/gems/railties-5.0.1/lib/rails/templates/rails/welcome/index.html.erb
  Rendered /Users/austinban/.rvm/gems/ruby-2.2.2/gems/railties-5.0.1/lib/rails/templates/rails/welcome/index.html.erb (6.2ms)
Completed 200 OK in 30ms (Views: 13.3ms | ActiveRecord: 0.0ms)


Started GET "/" for ::1 at 2017-02-27 16:43:37 -0600
Processing by Rails::WelcomeController#index as HTML
  Parameters: {"internal"=>true}
  Rendering /Users/austinban/.rvm/gems/ruby-2.2.2/gems/railties-5.0.1/lib/rails/templates/rails/welcome/index.html.erb
  Rendered /Users/austinban/.rvm/gems/ruby-2.2.2/gems/railties-5.0.1/lib/rails/templates/rails/welcome/index.html.erb (5.9ms)
Completed 200 OK in 12ms (Views: 9.3ms | ActiveRecord: 0.0ms)


Started GET "/" for ::1 at 2017-02-27 16:51:45 -0600
Processing by ApplicationController#hello as HTML
  Rendering html template
  Rendered html template (0.0ms)
Completed 200 OK in 13ms (Views: 11.6ms | ActiveRecord: 0.0ms)


Started GET "/" for ::1 at 2017-02-27 16:55:33 -0600
Processing by ApplicationController#hello as HTML
Started GET "/" for ::1 at 2017-02-27 16:55:33 -0600
Processing by ApplicationController#hello as HTML
  Rendering html template
  Rendering html template
  Rendered html template (0.0ms)
  Rendered html template (0.0ms)
Completed 200 OK in 28ms (Views: 17.4ms | ActiveRecord: 0.0ms)


Completed 200 OK in 2ms (Views: 1.2ms | ActiveRecord: 0.0ms)


